<?xml version="1.0" encoding="UTF-8"?>
<!-- Generated by org.testng.reporters.JUnitReportReporter -->
<testsuite hostname="ForeVision" name="com.zohoo.Scripts.dataXml" tests="1" failures="0" timestamp="30 Nov 2019 16:02:02 GMT" time="152.608" errors="0">
  <testcase name="getData" time="152.608" classname="com.zohoo.Scripts.dataXml"/>
</testsuite> <!-- com.zohoo.Scripts.dataXml -->
