<?xml version="1.0" encoding="UTF-8"?>
<!-- Generated by org.testng.reporters.JUnitReportReporter -->
<testsuite hostname="ForeVision" name="com.zohoo.Scripts.testInvalidLogin" tests="1" failures="0" timestamp="1 Dec 2019 06:01:29 GMT" time="65.464" errors="0">
  <testcase name="invalidLOgin" time="65.464" classname="com.zohoo.Scripts.testInvalidLogin"/>
</testsuite> <!-- com.zohoo.Scripts.testInvalidLogin -->
