<?xml version="1.0" encoding="UTF-8"?>
<!-- Generated by org.testng.reporters.JUnitReportReporter -->
<testsuite hostname="ForeVision" name="com.zohoo.Scripts.testSalary" tests="1" failures="0" timestamp="1 Dec 2019 06:13:41 GMT" time="238.340" errors="0">
  <testcase name="testSal" time="238.340" classname="com.zohoo.Scripts.testSalary"/>
</testsuite> <!-- com.zohoo.Scripts.testSalary -->
