<?xml version="1.0" encoding="UTF-8"?>
<!-- Generated by org.testng.reporters.JUnitReportReporter -->
<testsuite hostname="ForeVision" name="practice.frame1" tests="1" failures="0" timestamp="4 Dec 2019 17:51:14 GMT" time="161.353" errors="0">
  <testcase name="frame" time="161.353" classname="practice.frame1"/>
</testsuite> <!-- practice.frame1 -->
