<?xml version="1.0" encoding="UTF-8"?>
<!-- Generated by org.testng.reporters.JUnitReportReporter -->
<testsuite hostname="ForeVision" name="com.zohoo.Scripts.TestValidLogin" tests="1" failures="0" timestamp="1 Dec 2019 04:50:57 GMT" time="111.159" errors="0">
  <testcase name="validLogin" time="111.159" classname="com.zohoo.Scripts.TestValidLogin"/>
</testsuite> <!-- com.zohoo.Scripts.TestValidLogin -->
